[0.745s] DEBUG:colcon:Command line arguments: ['/usr/bin/colcon', 'build']
[0.745s] DEBUG:colcon:Parsed command line arguments: Namespace(log_base=None, log_level=None, verb_name='build', build_base='build', install_base='install', merge_install=False, symlink_install=False, test_result_base=None, continue_on_error=False, executor='parallel', parallel_workers=4, event_handlers=None, ignore_user_meta=False, metas=['./colcon.meta'], base_paths=['.'], packages_ignore=None, packages_ignore_regex=None, paths=None, packages_up_to=None, packages_up_to_regex=None, packages_above=None, packages_above_and_dependencies=None, packages_above_depth=None, packages_select_by_dep=None, packages_skip_by_dep=None, packages_skip_up_to=None, packages_select_build_failed=False, packages_skip_build_finished=False, packages_select_test_failures=False, packages_skip_test_passed=False, packages_select=None, packages_skip=None, packages_select_regex=None, packages_skip_regex=None, packages_start=None, packages_end=None, allow_overriding=[], cmake_args=None, cmake_target=None, cmake_target_skip_unavailable=False, cmake_clean_cache=False, cmake_clean_first=False, cmake_force_configure=False, ament_cmake_args=None, catkin_cmake_args=None, catkin_skip_building_tests=False, verb_parser=<colcon_defaults.argument_parser.defaults.DefaultArgumentsDecorator object at 0x7f4ff8768df0>, verb_extension=<colcon_core.verb.build.BuildVerb object at 0x7f4ff8768880>, main=<bound method BuildVerb.main of <colcon_core.verb.build.BuildVerb object at 0x7f4ff8768880>>)
[0.792s] Level 1:colcon.colcon_core.package_discovery:discover_packages(colcon_meta) check parameters
[0.792s] Level 1:colcon.colcon_core.package_discovery:discover_packages(recursive) check parameters
[0.793s] Level 1:colcon.colcon_core.package_discovery:discover_packages(ignore) check parameters
[0.793s] Level 1:colcon.colcon_core.package_discovery:discover_packages(path) check parameters
[0.793s] Level 1:colcon.colcon_core.package_discovery:discover_packages(colcon_meta) discover
[0.793s] Level 1:colcon.colcon_core.package_discovery:discover_packages(recursive) discover
[0.794s] INFO:colcon.colcon_core.package_discovery:Crawling recursively for packages in '/home/juan_c/ros2_ws'
[0.794s] Level 1:colcon.colcon_core.package_identification:_identify(.) by extensions ['ignore', 'ignore_ament_install']
[0.795s] Level 1:colcon.colcon_core.package_identification:_identify(.) by extension 'ignore'
[0.795s] Level 1:colcon.colcon_core.package_identification:_identify(.) by extension 'ignore_ament_install'
[0.795s] Level 1:colcon.colcon_core.package_identification:_identify(.) by extensions ['colcon_pkg']
[0.796s] Level 1:colcon.colcon_core.package_identification:_identify(.) by extension 'colcon_pkg'
[0.796s] Level 1:colcon.colcon_core.package_identification:_identify(.) by extensions ['colcon_meta']
[0.796s] Level 1:colcon.colcon_core.package_identification:_identify(.) by extension 'colcon_meta'
[0.797s] Level 1:colcon.colcon_core.package_identification:_identify(.) by extensions ['ros']
[0.797s] Level 1:colcon.colcon_core.package_identification:_identify(.) by extension 'ros'
[0.821s] Level 1:colcon.colcon_core.package_identification:_identify(.) by extensions ['cmake', 'python']
[0.822s] Level 1:colcon.colcon_core.package_identification:_identify(.) by extension 'cmake'
[0.822s] Level 1:colcon.colcon_core.package_identification:_identify(.) by extension 'python'
[0.822s] Level 1:colcon.colcon_core.package_identification:_identify(.) by extensions ['python_setup_py']
[0.823s] Level 1:colcon.colcon_core.package_identification:_identify(.) by extension 'python_setup_py'
[0.823s] Level 1:colcon.colcon_core.package_identification:_identify(build) by extensions ['ignore', 'ignore_ament_install']
[0.824s] Level 1:colcon.colcon_core.package_identification:_identify(build) by extension 'ignore'
[0.824s] Level 1:colcon.colcon_core.package_identification:_identify(build) ignored
[0.824s] Level 1:colcon.colcon_core.package_identification:_identify(install) by extensions ['ignore', 'ignore_ament_install']
[0.825s] Level 1:colcon.colcon_core.package_identification:_identify(install) by extension 'ignore'
[0.825s] Level 1:colcon.colcon_core.package_identification:_identify(install) ignored
[0.825s] Level 1:colcon.colcon_core.package_identification:_identify(log) by extensions ['ignore', 'ignore_ament_install']
[0.826s] Level 1:colcon.colcon_core.package_identification:_identify(log) by extension 'ignore'
[0.826s] Level 1:colcon.colcon_core.package_identification:_identify(log) ignored
[0.827s] Level 1:colcon.colcon_core.package_identification:_identify(src) by extensions ['ignore', 'ignore_ament_install']
[0.827s] Level 1:colcon.colcon_core.package_identification:_identify(src) by extension 'ignore'
[0.827s] Level 1:colcon.colcon_core.package_identification:_identify(src) by extension 'ignore_ament_install'
[0.828s] Level 1:colcon.colcon_core.package_identification:_identify(src) by extensions ['colcon_pkg']
[0.828s] Level 1:colcon.colcon_core.package_identification:_identify(src) by extension 'colcon_pkg'
[0.828s] Level 1:colcon.colcon_core.package_identification:_identify(src) by extensions ['colcon_meta']
[0.828s] Level 1:colcon.colcon_core.package_identification:_identify(src) by extension 'colcon_meta'
[0.828s] Level 1:colcon.colcon_core.package_identification:_identify(src) by extensions ['ros']
[0.828s] Level 1:colcon.colcon_core.package_identification:_identify(src) by extension 'ros'
[0.828s] Level 1:colcon.colcon_core.package_identification:_identify(src) by extensions ['cmake', 'python']
[0.828s] Level 1:colcon.colcon_core.package_identification:_identify(src) by extension 'cmake'
[0.828s] Level 1:colcon.colcon_core.package_identification:_identify(src) by extension 'python'
[0.828s] Level 1:colcon.colcon_core.package_identification:_identify(src) by extensions ['python_setup_py']
[0.828s] Level 1:colcon.colcon_core.package_identification:_identify(src) by extension 'python_setup_py'
[0.829s] Level 1:colcon.colcon_core.package_identification:_identify(src/manipulator_description) by extensions ['ignore', 'ignore_ament_install']
[0.829s] Level 1:colcon.colcon_core.package_identification:_identify(src/manipulator_description) by extension 'ignore'
[0.829s] Level 1:colcon.colcon_core.package_identification:_identify(src/manipulator_description) by extension 'ignore_ament_install'
[0.829s] Level 1:colcon.colcon_core.package_identification:_identify(src/manipulator_description) by extensions ['colcon_pkg']
[0.829s] Level 1:colcon.colcon_core.package_identification:_identify(src/manipulator_description) by extension 'colcon_pkg'
[0.829s] Level 1:colcon.colcon_core.package_identification:_identify(src/manipulator_description) by extensions ['colcon_meta']
[0.831s] Level 1:colcon.colcon_core.package_identification:_identify(src/manipulator_description) by extension 'colcon_meta'
[0.831s] Level 1:colcon.colcon_core.package_identification:_identify(src/manipulator_description) by extensions ['ros']
[0.831s] Level 1:colcon.colcon_core.package_identification:_identify(src/manipulator_description) by extension 'ros'
[0.848s] DEBUG:colcon.colcon_core.package_identification:Package 'src/manipulator_description' with type 'ros.ament_cmake' and name 'manipulator_description'
[0.848s] Level 1:colcon.colcon_core.package_discovery:discover_packages(recursive) using defaults
[0.848s] Level 1:colcon.colcon_core.package_discovery:discover_packages(ignore) discover
[0.848s] Level 1:colcon.colcon_core.package_discovery:discover_packages(ignore) using defaults
[0.848s] Level 1:colcon.colcon_core.package_discovery:discover_packages(path) discover
[0.848s] Level 1:colcon.colcon_core.package_discovery:discover_packages(path) using defaults
[0.894s] Level 1:colcon.colcon_core.package_discovery:discover_packages(prefix_path) check parameters
[0.894s] Level 1:colcon.colcon_core.package_discovery:discover_packages(prefix_path) discover
[0.901s] DEBUG:colcon.colcon_installed_package_information.package_discovery:Found 285 installed packages in /opt/ros/iron
[0.906s] Level 1:colcon.colcon_core.package_discovery:discover_packages(prefix_path) using defaults
[1.030s] Level 5:colcon.colcon_core.verb:set package 'manipulator_description' build argument 'cmake_args' from command line to 'None'
[1.030s] Level 5:colcon.colcon_core.verb:set package 'manipulator_description' build argument 'cmake_target' from command line to 'None'
[1.030s] Level 5:colcon.colcon_core.verb:set package 'manipulator_description' build argument 'cmake_target_skip_unavailable' from command line to 'False'
[1.030s] Level 5:colcon.colcon_core.verb:set package 'manipulator_description' build argument 'cmake_clean_cache' from command line to 'False'
[1.030s] Level 5:colcon.colcon_core.verb:set package 'manipulator_description' build argument 'cmake_clean_first' from command line to 'False'
[1.030s] Level 5:colcon.colcon_core.verb:set package 'manipulator_description' build argument 'cmake_force_configure' from command line to 'False'
[1.030s] Level 5:colcon.colcon_core.verb:set package 'manipulator_description' build argument 'ament_cmake_args' from command line to 'None'
[1.030s] Level 5:colcon.colcon_core.verb:set package 'manipulator_description' build argument 'catkin_cmake_args' from command line to 'None'
[1.030s] Level 5:colcon.colcon_core.verb:set package 'manipulator_description' build argument 'catkin_skip_building_tests' from command line to 'False'
[1.030s] DEBUG:colcon.colcon_core.verb:Building package 'manipulator_description' with the following arguments: {'ament_cmake_args': None, 'build_base': '/home/juan_c/ros2_ws/build/manipulator_description', 'catkin_cmake_args': None, 'catkin_skip_building_tests': False, 'cmake_args': None, 'cmake_clean_cache': False, 'cmake_clean_first': False, 'cmake_force_configure': False, 'cmake_target': None, 'cmake_target_skip_unavailable': False, 'install_base': '/home/juan_c/ros2_ws/install/manipulator_description', 'merge_install': False, 'path': '/home/juan_c/ros2_ws/src/manipulator_description', 'symlink_install': False, 'test_result_base': None}
[1.032s] INFO:colcon.colcon_core.executor:Executing jobs using 'parallel' executor
[1.039s] DEBUG:colcon.colcon_parallel_executor.executor.parallel:run_until_complete
[1.040s] INFO:colcon.colcon_ros.task.ament_cmake.build:Building ROS package in '/home/juan_c/ros2_ws/src/manipulator_description' with build type 'ament_cmake'
[1.040s] INFO:colcon.colcon_cmake.task.cmake.build:Building CMake package in '/home/juan_c/ros2_ws/src/manipulator_description'
[1.049s] INFO:colcon.colcon_core.plugin_system:Skipping extension 'colcon_core.shell.bat': Not used on non-Windows systems
[1.049s] INFO:colcon.colcon_core.shell:Skip shell extension 'powershell' for command environment: Not usable outside of PowerShell
[1.049s] DEBUG:colcon.colcon_core.shell:Skip shell extension 'dsv' for command environment
[1.077s] DEBUG:colcon.colcon_core.event_handler.log_command:Invoking command in '/home/juan_c/ros2_ws/build/manipulator_description': CMAKE_PREFIX_PATH=/opt/ros/iron /usr/bin/cmake --build /home/juan_c/ros2_ws/build/manipulator_description -- -j4 -l4
[1.597s] DEBUG:colcon.colcon_core.event_handler.log_command:Invoked command in '/home/juan_c/ros2_ws/build/manipulator_description' returned '0': CMAKE_PREFIX_PATH=/opt/ros/iron /usr/bin/cmake --build /home/juan_c/ros2_ws/build/manipulator_description -- -j4 -l4
[1.648s] DEBUG:colcon.colcon_core.event_handler.log_command:Invoking command in '/home/juan_c/ros2_ws/build/manipulator_description': CMAKE_PREFIX_PATH=/opt/ros/iron /usr/bin/cmake --install /home/juan_c/ros2_ws/build/manipulator_description
[1.664s] Level 1:colcon.colcon_core.environment:create_environment_scripts_only(manipulator_description)
[1.665s] DEBUG:colcon.colcon_core.event_handler.log_command:Invoked command in '/home/juan_c/ros2_ws/build/manipulator_description' returned '0': CMAKE_PREFIX_PATH=/opt/ros/iron /usr/bin/cmake --install /home/juan_c/ros2_ws/build/manipulator_description
[1.674s] Level 1:colcon.colcon_core.environment:checking '/home/juan_c/ros2_ws/install/manipulator_description' for CMake module files
[1.676s] Level 1:colcon.colcon_core.environment:checking '/home/juan_c/ros2_ws/install/manipulator_description' for CMake config files
[1.676s] Level 1:colcon.colcon_core.shell:create_environment_hook('manipulator_description', 'cmake_prefix_path')
[1.679s] INFO:colcon.colcon_core.shell:Creating environment hook '/home/juan_c/ros2_ws/install/manipulator_description/share/manipulator_description/hook/cmake_prefix_path.ps1'
[1.680s] INFO:colcon.colcon_core.shell:Creating environment descriptor '/home/juan_c/ros2_ws/install/manipulator_description/share/manipulator_description/hook/cmake_prefix_path.dsv'
[1.681s] INFO:colcon.colcon_core.shell:Creating environment hook '/home/juan_c/ros2_ws/install/manipulator_description/share/manipulator_description/hook/cmake_prefix_path.sh'
[1.683s] Level 1:colcon.colcon_core.environment:checking '/home/juan_c/ros2_ws/install/manipulator_description/bin'
[1.683s] Level 1:colcon.colcon_core.environment:checking '/home/juan_c/ros2_ws/install/manipulator_description/lib/pkgconfig/manipulator_description.pc'
[1.684s] Level 1:colcon.colcon_core.environment:checking '/home/juan_c/ros2_ws/install/manipulator_description/lib/python3.10/site-packages'
[1.684s] Level 1:colcon.colcon_core.environment:checking '/home/juan_c/ros2_ws/install/manipulator_description/bin'
[1.689s] INFO:colcon.colcon_core.shell:Creating package script '/home/juan_c/ros2_ws/install/manipulator_description/share/manipulator_description/package.ps1'
[1.692s] INFO:colcon.colcon_core.shell:Creating package descriptor '/home/juan_c/ros2_ws/install/manipulator_description/share/manipulator_description/package.dsv'
[1.693s] INFO:colcon.colcon_core.shell:Creating package script '/home/juan_c/ros2_ws/install/manipulator_description/share/manipulator_description/package.sh'
[1.695s] INFO:colcon.colcon_core.shell:Creating package script '/home/juan_c/ros2_ws/install/manipulator_description/share/manipulator_description/package.bash'
[1.696s] INFO:colcon.colcon_core.shell:Creating package script '/home/juan_c/ros2_ws/install/manipulator_description/share/manipulator_description/package.zsh'
[1.698s] Level 1:colcon.colcon_core.environment:create_file_with_runtime_dependencies(/home/juan_c/ros2_ws/install/manipulator_description/share/colcon-core/packages/manipulator_description)
[1.738s] Level 1:colcon.colcon_core.environment:create_environment_scripts_only(manipulator_description)
[1.743s] Level 1:colcon.colcon_core.environment:checking '/home/juan_c/ros2_ws/install/manipulator_description' for CMake module files
[1.745s] Level 1:colcon.colcon_core.environment:checking '/home/juan_c/ros2_ws/install/manipulator_description' for CMake config files
[1.745s] Level 1:colcon.colcon_core.shell:create_environment_hook('manipulator_description', 'cmake_prefix_path')
[1.748s] INFO:colcon.colcon_core.shell:Creating environment hook '/home/juan_c/ros2_ws/install/manipulator_description/share/manipulator_description/hook/cmake_prefix_path.ps1'
[1.749s] INFO:colcon.colcon_core.shell:Creating environment descriptor '/home/juan_c/ros2_ws/install/manipulator_description/share/manipulator_description/hook/cmake_prefix_path.dsv'
[1.750s] INFO:colcon.colcon_core.shell:Creating environment hook '/home/juan_c/ros2_ws/install/manipulator_description/share/manipulator_description/hook/cmake_prefix_path.sh'
[1.751s] Level 1:colcon.colcon_core.environment:checking '/home/juan_c/ros2_ws/install/manipulator_description/bin'
[1.751s] Level 1:colcon.colcon_core.environment:checking '/home/juan_c/ros2_ws/install/manipulator_description/lib/pkgconfig/manipulator_description.pc'
[1.752s] Level 1:colcon.colcon_core.environment:checking '/home/juan_c/ros2_ws/install/manipulator_description/lib/python3.10/site-packages'
[1.752s] Level 1:colcon.colcon_core.environment:checking '/home/juan_c/ros2_ws/install/manipulator_description/bin'
[1.755s] INFO:colcon.colcon_core.shell:Creating package script '/home/juan_c/ros2_ws/install/manipulator_description/share/manipulator_description/package.ps1'
[1.757s] INFO:colcon.colcon_core.shell:Creating package descriptor '/home/juan_c/ros2_ws/install/manipulator_description/share/manipulator_description/package.dsv'
[1.759s] INFO:colcon.colcon_core.shell:Creating package script '/home/juan_c/ros2_ws/install/manipulator_description/share/manipulator_description/package.sh'
[1.760s] INFO:colcon.colcon_core.shell:Creating package script '/home/juan_c/ros2_ws/install/manipulator_description/share/manipulator_description/package.bash'
[1.761s] INFO:colcon.colcon_core.shell:Creating package script '/home/juan_c/ros2_ws/install/manipulator_description/share/manipulator_description/package.zsh'
[1.762s] Level 1:colcon.colcon_core.environment:create_file_with_runtime_dependencies(/home/juan_c/ros2_ws/install/manipulator_description/share/colcon-core/packages/manipulator_description)
[1.762s] DEBUG:colcon.colcon_parallel_executor.executor.parallel:closing loop
[1.763s] DEBUG:colcon.colcon_parallel_executor.executor.parallel:loop closed
[1.763s] DEBUG:colcon.colcon_parallel_executor.executor.parallel:run_until_complete finished with '0'
[1.763s] DEBUG:colcon.colcon_core.event_reactor:joining thread
[1.772s] INFO:colcon.colcon_core.plugin_system:Skipping extension 'colcon_notification.desktop_notification.terminal_notifier': Not used on non-Darwin systems
[1.773s] INFO:colcon.colcon_core.plugin_system:Skipping extension 'colcon_notification.desktop_notification.win32': Not used on non-Windows systems
[1.773s] INFO:colcon.colcon_notification.desktop_notification:Sending desktop notification using 'notify2'
[1.794s] DEBUG:colcon.colcon_core.event_reactor:joined thread
[1.797s] INFO:colcon.colcon_core.shell:Creating prefix script '/home/juan_c/ros2_ws/install/local_setup.ps1'
[1.800s] INFO:colcon.colcon_core.shell:Creating prefix util module '/home/juan_c/ros2_ws/install/_local_setup_util_ps1.py'
[1.803s] INFO:colcon.colcon_core.shell:Creating prefix chain script '/home/juan_c/ros2_ws/install/setup.ps1'
[1.807s] INFO:colcon.colcon_core.shell:Creating prefix script '/home/juan_c/ros2_ws/install/local_setup.sh'
[1.809s] INFO:colcon.colcon_core.shell:Creating prefix util module '/home/juan_c/ros2_ws/install/_local_setup_util_sh.py'
[1.811s] INFO:colcon.colcon_core.shell:Creating prefix chain script '/home/juan_c/ros2_ws/install/setup.sh'
[1.817s] INFO:colcon.colcon_core.shell:Creating prefix script '/home/juan_c/ros2_ws/install/local_setup.bash'
[1.819s] INFO:colcon.colcon_core.shell:Creating prefix chain script '/home/juan_c/ros2_ws/install/setup.bash'
[1.823s] INFO:colcon.colcon_core.shell:Creating prefix script '/home/juan_c/ros2_ws/install/local_setup.zsh'
[1.825s] INFO:colcon.colcon_core.shell:Creating prefix chain script '/home/juan_c/ros2_ws/install/setup.zsh'
