[0.026s] Invoking command in '/home/juan_c/ros2_ws/build/manipulator_description': CMAKE_PREFIX_PATH=/opt/ros/iron /usr/bin/cmake --build /home/juan_c/ros2_ws/build/manipulator_description -- -j4 -l4
[0.096s] -- Found ament_cmake: 2.0.3 (/opt/ros/iron/share/ament_cmake/cmake)
[0.613s] -- Found ament_lint_auto: 0.14.2 (/opt/ros/iron/share/ament_lint_auto/cmake)
[0.818s] -- Added test 'flake8' to check Python code syntax and style conventions
[0.819s] -- Configured 'flake8' exclude dirs and/or files: 
[0.821s] -- Added test 'lint_cmake' to check CMake code style
[0.822s] -- Added test 'pep257' to check Python code against some of the docstring style conventions in PEP 257
[0.826s] -- Added test 'xmllint' to check XML markup files
[0.830s] -- Configuring done
[0.845s] -- Generating done
[0.849s] -- Build files have been written to: /home/juan_c/ros2_ws/build/manipulator_description
[0.891s] Invoked command in '/home/juan_c/ros2_ws/build/manipulator_description' returned '0': CMAKE_PREFIX_PATH=/opt/ros/iron /usr/bin/cmake --build /home/juan_c/ros2_ws/build/manipulator_description -- -j4 -l4
[0.953s] Invoking command in '/home/juan_c/ros2_ws/build/manipulator_description': CMAKE_PREFIX_PATH=/opt/ros/iron /usr/bin/cmake --install /home/juan_c/ros2_ws/build/manipulator_description
[0.972s] -- Install configuration: ""
[0.974s] -- Up-to-date: /home/juan_c/ros2_ws/install/manipulator_description/share/manipulator_description/meshes
[0.977s] -- Up-to-date: /home/juan_c/ros2_ws/install/manipulator_description/share/manipulator_description/meshes/base_link.STL
[0.978s] -- Up-to-date: /home/juan_c/ros2_ws/install/manipulator_description/share/manipulator_description/meshes/link_4.STL
[0.978s] -- Up-to-date: /home/juan_c/ros2_ws/install/manipulator_description/share/manipulator_description/meshes/link_3.STL
[0.978s] -- Up-to-date: /home/juan_c/ros2_ws/install/manipulator_description/share/manipulator_description/meshes/link_1.STL
[0.978s] -- Up-to-date: /home/juan_c/ros2_ws/install/manipulator_description/share/manipulator_description/meshes/link_2.STL
[0.979s] -- Up-to-date: /home/juan_c/ros2_ws/install/manipulator_description/share/manipulator_description/urdf
[0.979s] -- Installing: /home/juan_c/ros2_ws/install/manipulator_description/share/manipulator_description/urdf/manipulator.urdf.xacro
[0.979s] -- Installing: /home/juan_c/ros2_ws/install/manipulator_description/share/manipulator_description/launch
[0.979s] -- Installing: /home/juan_c/ros2_ws/install/manipulator_description/share/manipulator_description/launch/display.launch.py
[0.980s] -- Installing: /home/juan_c/ros2_ws/install/manipulator_description/share/manipulator_description/rviz
[0.980s] -- Installing: /home/juan_c/ros2_ws/install/manipulator_description/share/manipulator_description/rviz/display.rviz
[0.981s] -- Installing: /home/juan_c/ros2_ws/install/manipulator_description/share/ament_index/resource_index/package_run_dependencies/manipulator_description
[0.982s] -- Up-to-date: /home/juan_c/ros2_ws/install/manipulator_description/share/ament_index/resource_index/parent_prefix_path/manipulator_description
[0.983s] -- Up-to-date: /home/juan_c/ros2_ws/install/manipulator_description/share/manipulator_description/environment/ament_prefix_path.sh
[0.984s] -- Up-to-date: /home/juan_c/ros2_ws/install/manipulator_description/share/manipulator_description/environment/ament_prefix_path.dsv
[0.984s] -- Up-to-date: /home/juan_c/ros2_ws/install/manipulator_description/share/manipulator_description/environment/path.sh
[0.985s] -- Up-to-date: /home/juan_c/ros2_ws/install/manipulator_description/share/manipulator_description/environment/path.dsv
[0.985s] -- Up-to-date: /home/juan_c/ros2_ws/install/manipulator_description/share/manipulator_description/local_setup.bash
[0.986s] -- Up-to-date: /home/juan_c/ros2_ws/install/manipulator_description/share/manipulator_description/local_setup.sh
[0.986s] -- Up-to-date: /home/juan_c/ros2_ws/install/manipulator_description/share/manipulator_description/local_setup.zsh
[0.987s] -- Up-to-date: /home/juan_c/ros2_ws/install/manipulator_description/share/manipulator_description/local_setup.dsv
[0.988s] -- Installing: /home/juan_c/ros2_ws/install/manipulator_description/share/manipulator_description/package.dsv
[0.988s] -- Up-to-date: /home/juan_c/ros2_ws/install/manipulator_description/share/ament_index/resource_index/packages/manipulator_description
[0.989s] -- Up-to-date: /home/juan_c/ros2_ws/install/manipulator_description/share/manipulator_description/cmake/manipulator_descriptionConfig.cmake
[0.989s] -- Up-to-date: /home/juan_c/ros2_ws/install/manipulator_description/share/manipulator_description/cmake/manipulator_descriptionConfig-version.cmake
[0.990s] -- Installing: /home/juan_c/ros2_ws/install/manipulator_description/share/manipulator_description/package.xml
[0.996s] Invoked command in '/home/juan_c/ros2_ws/build/manipulator_description' returned '0': CMAKE_PREFIX_PATH=/opt/ros/iron /usr/bin/cmake --install /home/juan_c/ros2_ws/build/manipulator_description
