[0.040s] Invoking command in '/home/juan_c/ros2_ws/build/manipulator_description': CMAKE_PREFIX_PATH=/opt/ros/iron /usr/bin/cmake --build /home/juan_c/ros2_ws/build/manipulator_description -- -j4 -l4
[0.214s] Invoked command in '/home/juan_c/ros2_ws/build/manipulator_description' returned '0': CMAKE_PREFIX_PATH=/opt/ros/iron /usr/bin/cmake --build /home/juan_c/ros2_ws/build/manipulator_description -- -j4 -l4
[0.265s] Invoking command in '/home/juan_c/ros2_ws/build/manipulator_description': CMAKE_PREFIX_PATH=/opt/ros/iron /usr/bin/cmake --install /home/juan_c/ros2_ws/build/manipulator_description
[0.279s] -- Install configuration: ""
[0.282s] -- Up-to-date: /home/juan_c/ros2_ws/install/manipulator_description/share/manipulator_description/meshes
[0.283s] -- Up-to-date: /home/juan_c/ros2_ws/install/manipulator_description/share/manipulator_description/meshes/base_link.STL
[0.283s] -- Up-to-date: /home/juan_c/ros2_ws/install/manipulator_description/share/manipulator_description/meshes/link_4.STL
[0.283s] -- Up-to-date: /home/juan_c/ros2_ws/install/manipulator_description/share/manipulator_description/meshes/link_3.STL
[0.284s] -- Up-to-date: /home/juan_c/ros2_ws/install/manipulator_description/share/manipulator_description/meshes/link_1.STL
[0.284s] -- Up-to-date: /home/juan_c/ros2_ws/install/manipulator_description/share/manipulator_description/meshes/link_2.STL
[0.284s] -- Up-to-date: /home/juan_c/ros2_ws/install/manipulator_description/share/manipulator_description/urdf
[0.284s] -- Up-to-date: /home/juan_c/ros2_ws/install/manipulator_description/share/manipulator_description/urdf/manipulator.urdf.xacro
[0.285s] -- Up-to-date: /home/juan_c/ros2_ws/install/manipulator_description/share/ament_index/resource_index/package_run_dependencies/manipulator_description
[0.285s] -- Up-to-date: /home/juan_c/ros2_ws/install/manipulator_description/share/ament_index/resource_index/parent_prefix_path/manipulator_description
[0.286s] -- Up-to-date: /home/juan_c/ros2_ws/install/manipulator_description/share/manipulator_description/environment/ament_prefix_path.sh
[0.286s] -- Up-to-date: /home/juan_c/ros2_ws/install/manipulator_description/share/manipulator_description/environment/ament_prefix_path.dsv
[0.287s] -- Up-to-date: /home/juan_c/ros2_ws/install/manipulator_description/share/manipulator_description/environment/path.sh
[0.287s] -- Up-to-date: /home/juan_c/ros2_ws/install/manipulator_description/share/manipulator_description/environment/path.dsv
[0.287s] -- Up-to-date: /home/juan_c/ros2_ws/install/manipulator_description/share/manipulator_description/local_setup.bash
[0.288s] -- Up-to-date: /home/juan_c/ros2_ws/install/manipulator_description/share/manipulator_description/local_setup.sh
[0.288s] -- Up-to-date: /home/juan_c/ros2_ws/install/manipulator_description/share/manipulator_description/local_setup.zsh
[0.288s] -- Up-to-date: /home/juan_c/ros2_ws/install/manipulator_description/share/manipulator_description/local_setup.dsv
[0.288s] -- Installing: /home/juan_c/ros2_ws/install/manipulator_description/share/manipulator_description/package.dsv
[0.289s] -- Up-to-date: /home/juan_c/ros2_ws/install/manipulator_description/share/ament_index/resource_index/packages/manipulator_description
[0.290s] -- Up-to-date: /home/juan_c/ros2_ws/install/manipulator_description/share/manipulator_description/cmake/manipulator_descriptionConfig.cmake
[0.290s] -- Up-to-date: /home/juan_c/ros2_ws/install/manipulator_description/share/manipulator_description/cmake/manipulator_descriptionConfig-version.cmake
[0.290s] -- Up-to-date: /home/juan_c/ros2_ws/install/manipulator_description/share/manipulator_description/package.xml
[0.294s] Invoked command in '/home/juan_c/ros2_ws/build/manipulator_description' returned '0': CMAKE_PREFIX_PATH=/opt/ros/iron /usr/bin/cmake --install /home/juan_c/ros2_ws/build/manipulator_description
