[0.025s] Invoking command in '/home/juan_c/ros2_ws/build/manipulator_description': CMAKE_PREFIX_PATH=/opt/ros/iron /usr/bin/cmake /home/juan_c/ros2_ws/src/manipulator_description -DCMAKE_INSTALL_PREFIX=/home/juan_c/ros2_ws/install/manipulator_description
[0.293s] -- The C compiler identification is GNU 11.4.0
[0.491s] -- The CXX compiler identification is GNU 11.4.0
[0.513s] -- Detecting C compiler ABI info
[0.660s] -- Detecting C compiler ABI info - done
[0.693s] -- Check for working C compiler: /usr/bin/cc - skipped
[0.696s] -- Detecting C compile features
[0.698s] -- Detecting C compile features - done
[0.705s] -- Detecting CXX compiler ABI info
[0.883s] -- Detecting CXX compiler ABI info - done
[0.900s] -- Check for working CXX compiler: /usr/bin/c++ - skipped
[0.900s] -- Detecting CXX compile features
[0.901s] -- Detecting CXX compile features - done
[0.907s] -- Found ament_cmake: 2.0.3 (/opt/ros/iron/share/ament_cmake/cmake)
[1.232s] -- Found Python3: /usr/bin/python3.10 (found version "3.10.12") found components: Interpreter 
[1.397s] -- Found ament_lint_auto: 0.14.2 (/opt/ros/iron/share/ament_lint_auto/cmake)
[1.539s] -- Added test 'lint_cmake' to check CMake code style
[1.541s] -- Added test 'xmllint' to check XML markup files
[1.543s] -- Configuring done
[1.551s] -- Generating done
[1.554s] -- Build files have been written to: /home/juan_c/ros2_ws/build/manipulator_description
[1.563s] Invoked command in '/home/juan_c/ros2_ws/build/manipulator_description' returned '0': CMAKE_PREFIX_PATH=/opt/ros/iron /usr/bin/cmake /home/juan_c/ros2_ws/src/manipulator_description -DCMAKE_INSTALL_PREFIX=/home/juan_c/ros2_ws/install/manipulator_description
[1.567s] Invoking command in '/home/juan_c/ros2_ws/build/manipulator_description': CMAKE_PREFIX_PATH=/opt/ros/iron /usr/bin/cmake --build /home/juan_c/ros2_ws/build/manipulator_description -- -j4 -l4
[1.627s] Invoked command in '/home/juan_c/ros2_ws/build/manipulator_description' returned '0': CMAKE_PREFIX_PATH=/opt/ros/iron /usr/bin/cmake --build /home/juan_c/ros2_ws/build/manipulator_description -- -j4 -l4
[1.687s] Invoking command in '/home/juan_c/ros2_ws/build/manipulator_description': CMAKE_PREFIX_PATH=/opt/ros/iron /usr/bin/cmake --install /home/juan_c/ros2_ws/build/manipulator_description
[1.707s] -- Install configuration: ""
[1.707s] -- Installing: /home/juan_c/ros2_ws/install/manipulator_description/share/ament_index/resource_index/package_run_dependencies/manipulator_description
[1.708s] -- Installing: /home/juan_c/ros2_ws/install/manipulator_description/share/ament_index/resource_index/parent_prefix_path/manipulator_description
[1.709s] -- Installing: /home/juan_c/ros2_ws/install/manipulator_description/share/manipulator_description/environment/ament_prefix_path.sh
[1.714s] -- Installing: /home/juan_c/ros2_ws/install/manipulator_description/share/manipulator_description/environment/ament_prefix_path.dsv
[1.714s] -- Installing: /home/juan_c/ros2_ws/install/manipulator_description/share/manipulator_description/environment/path.sh
[1.714s] -- Installing: /home/juan_c/ros2_ws/install/manipulator_description/share/manipulator_description/environment/path.dsv
[1.714s] -- Installing: /home/juan_c/ros2_ws/install/manipulator_description/share/manipulator_description/local_setup.bash
[1.714s] -- Installing: /home/juan_c/ros2_ws/install/manipulator_description/share/manipulator_description/local_setup.sh
[1.715s] -- Installing: /home/juan_c/ros2_ws/install/manipulator_description/share/manipulator_description/local_setup.zsh
[1.715s] -- Installing: /home/juan_c/ros2_ws/install/manipulator_description/share/manipulator_description/local_setup.dsv
[1.715s] -- Installing: /home/juan_c/ros2_ws/install/manipulator_description/share/manipulator_description/package.dsv
[1.715s] -- Installing: /home/juan_c/ros2_ws/install/manipulator_description/share/ament_index/resource_index/packages/manipulator_description
[1.715s] -- Installing: /home/juan_c/ros2_ws/install/manipulator_description/share/manipulator_description/cmake/manipulator_descriptionConfig.cmake
[1.715s] -- Installing: /home/juan_c/ros2_ws/install/manipulator_description/share/manipulator_description/cmake/manipulator_descriptionConfig-version.cmake
[1.715s] -- Installing: /home/juan_c/ros2_ws/install/manipulator_description/share/manipulator_description/package.xml
[1.721s] Invoked command in '/home/juan_c/ros2_ws/build/manipulator_description' returned '0': CMAKE_PREFIX_PATH=/opt/ros/iron /usr/bin/cmake --install /home/juan_c/ros2_ws/build/manipulator_description
